{"C:\\Users\\Jarett\\Desktop\\Code\\Springboard Full Course\\unit-35\\express-biztime\\app.js": {"path":"C:\\Users\\Jarett\\Desktop\\Code\\Springboard Full Course\\unit-35\\express-biztime\\app.js","statementMap":{"0":{"start":{"line":3,"column":16},"end":{"line":3,"column":34}},"1":{"start":{"line":5,"column":12},"end":{"line":5,"column":21}},"2":{"start":{"line":6,"column":21},"end":{"line":6,"column":46}},"3":{"start":{"line":8,"column":0},"end":{"line":8,"column":24}},"4":{"start":{"line":9,"column":0},"end":{"line":9,"column":47}},"5":{"start":{"line":13,"column":24},"end":{"line":13,"column":53}},"6":{"start":{"line":14,"column":0},"end":{"line":14,"column":39}},"7":{"start":{"line":17,"column":22},"end":{"line":17,"column":50}},"8":{"start":{"line":18,"column":0},"end":{"line":18,"column":36}},"9":{"start":{"line":21,"column":0},"end":{"line":24,"column":3}},"10":{"start":{"line":22,"column":14},"end":{"line":22,"column":48}},"11":{"start":{"line":23,"column":2},"end":{"line":23,"column":19}},"12":{"start":{"line":27,"column":0},"end":{"line":34,"column":3}},"13":{"start":{"line":28,"column":2},"end":{"line":28,"column":32}},"14":{"start":{"line":30,"column":2},"end":{"line":33,"column":5}},"15":{"start":{"line":37,"column":0},"end":{"line":37,"column":21}}},"fnMap":{"0":{"name":"(anonymous_0)","decl":{"start":{"line":21,"column":8},"end":{"line":21,"column":9}},"loc":{"start":{"line":21,"column":33},"end":{"line":24,"column":1}},"line":21},"1":{"name":"(anonymous_1)","decl":{"start":{"line":27,"column":8},"end":{"line":27,"column":9}},"loc":{"start":{"line":27,"column":33},"end":{"line":34,"column":1}},"line":27}},"branchMap":{"0":{"loc":{"start":{"line":28,"column":13},"end":{"line":28,"column":30}},"type":"binary-expr","locations":[{"start":{"line":28,"column":13},"end":{"line":28,"column":23}},{"start":{"line":28,"column":27},"end":{"line":28,"column":30}}],"line":28}},"s":{"0":1,"1":1,"2":1,"3":1,"4":1,"5":1,"6":1,"7":1,"8":1,"9":1,"10":1,"11":1,"12":1,"13":1,"14":1,"15":1},"f":{"0":1,"1":1},"b":{"0":[1,0]},"_coverageSchema":"1a1c01bbd47fc00a2c39e90264f33305004495a9","hash":"bc9b9340b16f1cf0e1020d395a7109765024c79b"}
,"C:\\Users\\Jarett\\Desktop\\Code\\Springboard Full Course\\unit-35\\express-biztime\\db.js": {"path":"C:\\Users\\Jarett\\Desktop\\Code\\Springboard Full Course\\unit-35\\express-biztime\\db.js","statementMap":{"0":{"start":{"line":2,"column":19},"end":{"line":2,"column":32}},"1":{"start":{"line":9,"column":0},"end":{"line":14,"column":1}},"2":{"start":{"line":10,"column":4},"end":{"line":10,"column":42}},"3":{"start":{"line":13,"column":4},"end":{"line":13,"column":37}},"4":{"start":{"line":17,"column":9},"end":{"line":19,"column":2}},"5":{"start":{"line":22,"column":0},"end":{"line":22,"column":13}},"6":{"start":{"line":25,"column":0},"end":{"line":25,"column":20}}},"fnMap":{},"branchMap":{"0":{"loc":{"start":{"line":9,"column":0},"end":{"line":14,"column":1}},"type":"if","locations":[{"start":{"line":9,"column":0},"end":{"line":14,"column":1}},{"start":{"line":12,"column":5},"end":{"line":14,"column":1}}],"line":9}},"s":{"0":1,"1":1,"2":1,"3":0,"4":1,"5":1,"6":1},"f":{},"b":{"0":[1,0]},"_coverageSchema":"1a1c01bbd47fc00a2c39e90264f33305004495a9","hash":"ed86195ffdbae05603b390a3855211f362e72ed2"}
,"C:\\Users\\Jarett\\Desktop\\Code\\Springboard Full Course\\unit-35\\express-biztime\\expressError.js": {"path":"C:\\Users\\Jarett\\Desktop\\Code\\Springboard Full Course\\unit-35\\express-biztime\\expressError.js","statementMap":{"0":{"start":{"line":9,"column":4},"end":{"line":9,"column":12}},"1":{"start":{"line":10,"column":4},"end":{"line":10,"column":27}},"2":{"start":{"line":11,"column":4},"end":{"line":11,"column":25}},"3":{"start":{"line":12,"column":4},"end":{"line":12,"column":30}},"4":{"start":{"line":17,"column":0},"end":{"line":17,"column":30}}},"fnMap":{"0":{"name":"(anonymous_0)","decl":{"start":{"line":8,"column":2},"end":{"line":8,"column":3}},"loc":{"start":{"line":8,"column":31},"end":{"line":13,"column":3}},"line":8}},"branchMap":{},"s":{"0":1,"1":1,"2":1,"3":1,"4":1},"f":{"0":1},"b":{},"_coverageSchema":"1a1c01bbd47fc00a2c39e90264f33305004495a9","hash":"0ef6fb60f7d5b3b6f5757989994667ac5fabad40"}
,"C:\\Users\\Jarett\\Desktop\\Code\\Springboard Full Course\\unit-35\\express-biztime\\routes\\companies.js": {"path":"C:\\Users\\Jarett\\Desktop\\Code\\Springboard Full Course\\unit-35\\express-biztime\\routes\\companies.js","statementMap":{"0":{"start":{"line":1,"column":16},"end":{"line":1,"column":34}},"1":{"start":{"line":2,"column":15},"end":{"line":2,"column":31}},"2":{"start":{"line":3,"column":11},"end":{"line":3,"column":27}},"3":{"start":{"line":4,"column":21},"end":{"line":4,"column":47}},"4":{"start":{"line":7,"column":0},"end":{"line":14,"column":2}},"5":{"start":{"line":8,"column":4},"end":{"line":13,"column":5}},"6":{"start":{"line":9,"column":23},"end":{"line":9,"column":86}},"7":{"start":{"line":10,"column":8},"end":{"line":10,"column":53}},"8":{"start":{"line":12,"column":8},"end":{"line":12,"column":27}},"9":{"start":{"line":17,"column":0},"end":{"line":28,"column":2}},"10":{"start":{"line":18,"column":4},"end":{"line":27,"column":5}},"11":{"start":{"line":19,"column":25},"end":{"line":19,"column":35}},"12":{"start":{"line":20,"column":23},"end":{"line":20,"column":110}},"13":{"start":{"line":21,"column":8},"end":{"line":23,"column":9}},"14":{"start":{"line":22,"column":12},"end":{"line":22,"column":76}},"15":{"start":{"line":24,"column":8},"end":{"line":24,"column":53}},"16":{"start":{"line":26,"column":8},"end":{"line":26,"column":27}},"17":{"start":{"line":31,"column":0},"end":{"line":39,"column":2}},"18":{"start":{"line":32,"column":4},"end":{"line":38,"column":5}},"19":{"start":{"line":33,"column":44},"end":{"line":33,"column":52}},"20":{"start":{"line":34,"column":23},"end":{"line":34,"column":169}},"21":{"start":{"line":35,"column":8},"end":{"line":35,"column":68}},"22":{"start":{"line":37,"column":8},"end":{"line":37,"column":27}},"23":{"start":{"line":42,"column":0},"end":{"line":54,"column":2}},"24":{"start":{"line":43,"column":4},"end":{"line":53,"column":5}},"25":{"start":{"line":44,"column":25},"end":{"line":44,"column":35}},"26":{"start":{"line":45,"column":38},"end":{"line":45,"column":46}},"27":{"start":{"line":46,"column":23},"end":{"line":46,"column":160}},"28":{"start":{"line":47,"column":8},"end":{"line":49,"column":9}},"29":{"start":{"line":48,"column":12},"end":{"line":48,"column":76}},"30":{"start":{"line":50,"column":8},"end":{"line":50,"column":56}},"31":{"start":{"line":52,"column":8},"end":{"line":52,"column":27}},"32":{"start":{"line":57,"column":0},"end":{"line":68,"column":2}},"33":{"start":{"line":58,"column":4},"end":{"line":67,"column":5}},"34":{"start":{"line":59,"column":25},"end":{"line":59,"column":35}},"35":{"start":{"line":60,"column":23},"end":{"line":60,"column":86}},"36":{"start":{"line":61,"column":8},"end":{"line":63,"column":9}},"37":{"start":{"line":62,"column":12},"end":{"line":62,"column":76}},"38":{"start":{"line":64,"column":8},"end":{"line":64,"column":61}},"39":{"start":{"line":66,"column":8},"end":{"line":66,"column":27}},"40":{"start":{"line":71,"column":0},"end":{"line":71,"column":24}}},"fnMap":{"0":{"name":"(anonymous_0)","decl":{"start":{"line":7,"column":16},"end":{"line":7,"column":17}},"loc":{"start":{"line":7,"column":42},"end":{"line":14,"column":1}},"line":7},"1":{"name":"(anonymous_1)","decl":{"start":{"line":17,"column":21},"end":{"line":17,"column":22}},"loc":{"start":{"line":17,"column":47},"end":{"line":28,"column":1}},"line":17},"2":{"name":"(anonymous_2)","decl":{"start":{"line":31,"column":17},"end":{"line":31,"column":18}},"loc":{"start":{"line":31,"column":43},"end":{"line":39,"column":1}},"line":31},"3":{"name":"(anonymous_3)","decl":{"start":{"line":42,"column":21},"end":{"line":42,"column":22}},"loc":{"start":{"line":42,"column":46},"end":{"line":54,"column":1}},"line":42},"4":{"name":"(anonymous_4)","decl":{"start":{"line":57,"column":24},"end":{"line":57,"column":25}},"loc":{"start":{"line":57,"column":50},"end":{"line":68,"column":1}},"line":57}},"branchMap":{"0":{"loc":{"start":{"line":21,"column":8},"end":{"line":23,"column":9}},"type":"if","locations":[{"start":{"line":21,"column":8},"end":{"line":23,"column":9}},{"start":{},"end":{}}],"line":21},"1":{"loc":{"start":{"line":47,"column":8},"end":{"line":49,"column":9}},"type":"if","locations":[{"start":{"line":47,"column":8},"end":{"line":49,"column":9}},{"start":{},"end":{}}],"line":47},"2":{"loc":{"start":{"line":61,"column":8},"end":{"line":63,"column":9}},"type":"if","locations":[{"start":{"line":61,"column":8},"end":{"line":63,"column":9}},{"start":{},"end":{}}],"line":61}},"s":{"0":1,"1":1,"2":1,"3":1,"4":1,"5":1,"6":1,"7":1,"8":0,"9":1,"10":1,"11":1,"12":1,"13":1,"14":0,"15":1,"16":0,"17":1,"18":1,"19":1,"20":1,"21":1,"22":0,"23":1,"24":0,"25":0,"26":0,"27":0,"28":0,"29":0,"30":0,"31":0,"32":1,"33":0,"34":0,"35":0,"36":0,"37":0,"38":0,"39":0,"40":1},"f":{"0":1,"1":1,"2":1,"3":0,"4":0},"b":{"0":[0,1],"1":[0,0],"2":[0,0]},"_coverageSchema":"1a1c01bbd47fc00a2c39e90264f33305004495a9","hash":"120378d9f3807fc90baea429f5372b1cbf178cf3"}
,"C:\\Users\\Jarett\\Desktop\\Code\\Springboard Full Course\\unit-35\\express-biztime\\routes\\invoices.js": {"path":"C:\\Users\\Jarett\\Desktop\\Code\\Springboard Full Course\\unit-35\\express-biztime\\routes\\invoices.js","statementMap":{"0":{"start":{"line":1,"column":16},"end":{"line":1,"column":34}},"1":{"start":{"line":2,"column":15},"end":{"line":2,"column":31}},"2":{"start":{"line":3,"column":11},"end":{"line":3,"column":27}},"3":{"start":{"line":4,"column":21},"end":{"line":4,"column":47}},"4":{"start":{"line":7,"column":0},"end":{"line":14,"column":2}},"5":{"start":{"line":8,"column":4},"end":{"line":13,"column":5}},"6":{"start":{"line":9,"column":23},"end":{"line":9,"column":75}},"7":{"start":{"line":10,"column":8},"end":{"line":10,"column":52}},"8":{"start":{"line":12,"column":8},"end":{"line":12,"column":27}},"9":{"start":{"line":17,"column":0},"end":{"line":28,"column":2}},"10":{"start":{"line":18,"column":4},"end":{"line":27,"column":5}},"11":{"start":{"line":19,"column":23},"end":{"line":19,"column":33}},"12":{"start":{"line":20,"column":23},"end":{"line":20,"column":81}},"13":{"start":{"line":21,"column":8},"end":{"line":23,"column":9}},"14":{"start":{"line":22,"column":12},"end":{"line":22,"column":77}},"15":{"start":{"line":24,"column":8},"end":{"line":24,"column":54}},"16":{"start":{"line":26,"column":8},"end":{"line":26,"column":27}},"17":{"start":{"line":31,"column":0},"end":{"line":39,"column":2}},"18":{"start":{"line":32,"column":4},"end":{"line":38,"column":5}},"19":{"start":{"line":33,"column":52},"end":{"line":33,"column":60}},"20":{"start":{"line":34,"column":23},"end":{"line":34,"column":166}},"21":{"start":{"line":35,"column":8},"end":{"line":35,"column":67}},"22":{"start":{"line":37,"column":8},"end":{"line":37,"column":27}},"23":{"start":{"line":42,"column":0},"end":{"line":54,"column":2}},"24":{"start":{"line":43,"column":4},"end":{"line":53,"column":5}},"25":{"start":{"line":44,"column":23},"end":{"line":44,"column":33}},"26":{"start":{"line":45,"column":24},"end":{"line":45,"column":32}},"27":{"start":{"line":46,"column":23},"end":{"line":46,"column":102}},"28":{"start":{"line":47,"column":8},"end":{"line":49,"column":9}},"29":{"start":{"line":48,"column":12},"end":{"line":48,"column":77}},"30":{"start":{"line":50,"column":8},"end":{"line":50,"column":55}},"31":{"start":{"line":52,"column":8},"end":{"line":52,"column":27}},"32":{"start":{"line":57,"column":0},"end":{"line":68,"column":2}},"33":{"start":{"line":58,"column":4},"end":{"line":67,"column":5}},"34":{"start":{"line":59,"column":23},"end":{"line":59,"column":33}},"35":{"start":{"line":60,"column":23},"end":{"line":60,"column":79}},"36":{"start":{"line":61,"column":8},"end":{"line":63,"column":9}},"37":{"start":{"line":62,"column":12},"end":{"line":62,"column":77}},"38":{"start":{"line":64,"column":8},"end":{"line":64,"column":61}},"39":{"start":{"line":66,"column":8},"end":{"line":66,"column":27}},"40":{"start":{"line":71,"column":0},"end":{"line":83,"column":2}},"41":{"start":{"line":72,"column":4},"end":{"line":82,"column":5}},"42":{"start":{"line":73,"column":25},"end":{"line":73,"column":35}},"43":{"start":{"line":74,"column":30},"end":{"line":74,"column":93}},"44":{"start":{"line":75,"column":30},"end":{"line":75,"column":97}},"45":{"start":{"line":76,"column":8},"end":{"line":78,"column":9}},"46":{"start":{"line":77,"column":12},"end":{"line":77,"column":87}},"47":{"start":{"line":79,"column":8},"end":{"line":79,"column":91}},"48":{"start":{"line":81,"column":8},"end":{"line":81,"column":27}},"49":{"start":{"line":85,"column":0},"end":{"line":85,"column":24}}},"fnMap":{"0":{"name":"(anonymous_0)","decl":{"start":{"line":7,"column":16},"end":{"line":7,"column":17}},"loc":{"start":{"line":7,"column":42},"end":{"line":14,"column":1}},"line":7},"1":{"name":"(anonymous_1)","decl":{"start":{"line":17,"column":19},"end":{"line":17,"column":20}},"loc":{"start":{"line":17,"column":45},"end":{"line":28,"column":1}},"line":17},"2":{"name":"(anonymous_2)","decl":{"start":{"line":31,"column":17},"end":{"line":31,"column":18}},"loc":{"start":{"line":31,"column":43},"end":{"line":39,"column":1}},"line":31},"3":{"name":"(anonymous_3)","decl":{"start":{"line":42,"column":19},"end":{"line":42,"column":20}},"loc":{"start":{"line":42,"column":44},"end":{"line":54,"column":1}},"line":42},"4":{"name":"(anonymous_4)","decl":{"start":{"line":57,"column":22},"end":{"line":57,"column":23}},"loc":{"start":{"line":57,"column":48},"end":{"line":68,"column":1}},"line":57},"5":{"name":"(anonymous_5)","decl":{"start":{"line":71,"column":31},"end":{"line":71,"column":32}},"loc":{"start":{"line":71,"column":57},"end":{"line":83,"column":1}},"line":71}},"branchMap":{"0":{"loc":{"start":{"line":21,"column":8},"end":{"line":23,"column":9}},"type":"if","locations":[{"start":{"line":21,"column":8},"end":{"line":23,"column":9}},{"start":{},"end":{}}],"line":21},"1":{"loc":{"start":{"line":47,"column":8},"end":{"line":49,"column":9}},"type":"if","locations":[{"start":{"line":47,"column":8},"end":{"line":49,"column":9}},{"start":{},"end":{}}],"line":47},"2":{"loc":{"start":{"line":61,"column":8},"end":{"line":63,"column":9}},"type":"if","locations":[{"start":{"line":61,"column":8},"end":{"line":63,"column":9}},{"start":{},"end":{}}],"line":61},"3":{"loc":{"start":{"line":76,"column":8},"end":{"line":78,"column":9}},"type":"if","locations":[{"start":{"line":76,"column":8},"end":{"line":78,"column":9}},{"start":{},"end":{}}],"line":76}},"s":{"0":1,"1":1,"2":1,"3":1,"4":1,"5":0,"6":0,"7":0,"8":0,"9":1,"10":0,"11":0,"12":0,"13":0,"14":0,"15":0,"16":0,"17":1,"18":0,"19":0,"20":0,"21":0,"22":0,"23":1,"24":0,"25":0,"26":0,"27":0,"28":0,"29":0,"30":0,"31":0,"32":1,"33":0,"34":0,"35":0,"36":0,"37":0,"38":0,"39":0,"40":1,"41":0,"42":0,"43":0,"44":0,"45":0,"46":0,"47":0,"48":0,"49":1},"f":{"0":0,"1":0,"2":0,"3":0,"4":0,"5":0},"b":{"0":[0,0],"1":[0,0],"2":[0,0],"3":[0,0]},"_coverageSchema":"1a1c01bbd47fc00a2c39e90264f33305004495a9","hash":"86b87e3a5fe3ca03c6d5dc94474dc0e1e8cadff4"}
}
